# JRE version: Java(TM) SE Runtime Environment (13.0+33) (build 13-ea+33)
# Java VM: Java HotSpot(TM) 64-Bit Server VM (13-ea+33, mixed mode, sharing, tiered, compressed oops, g1 gc, windows-amd64)
Heap:
 garbage-first heap   total 71680K, used 56686K [0x0000000701e00000, 0x0000000800000000)
  region size 1024K, 30 young (30720K), 1 survivors (1024K)
 Metaspace       used 43874K, capacity 45475K, committed 45724K, reserved 1089536K
  class space    used 5650K, capacity 6214K, committed 6344K, reserved 1048576K
GC Heap History (20 events):
Event: 140.531 GC heap after
{Heap after GC invocations=17 (full 0):
 garbage-first heap   total 71680K, used 26914K [0x0000000701e00000, 0x0000000800000000)
  region size 1024K, 1 young (1024K), 1 survivors (1024K)
 Metaspace       used 43869K, capacity 45443K, committed 45596K, reserved 1089536K
  class space    used 5649K, capacity 6182K, committed 6216K, reserved 1048576K
}
Event: 211.560 GC heap before
{Heap before GC invocations=17 (full 0):
 garbage-first heap   total 71680K, used 54562K [0x0000000701e00000, 0x0000000800000000)
  region size 1024K, 28 young (28672K), 1 survivors (1024K)
 Metaspace       used 43874K, capacity 45475K, committed 45724K, reserved 1089536K
  class space    used 5650K, capacity 6214K, committed 6344K, reserved 1048576K
}
Event: 211.562 GC heap after
{Heap after GC invocations=18 (full 0):
 garbage-first heap   total 71680K, used 26946K [0x0000000701e00000, 0x0000000800000000)
  region size 1024K, 1 young (1024K), 1 survivors (1024K)
 Metaspace       used 43874K, capacity 45475K, committed 45724K, reserved 1089536K
  class space    used 5650K, capacity 6214K, committed 6344K, reserved 1048576K
}
Event: 286.843 GC heap before
{Heap before GC invocations=18 (full 0):
 garbage-first heap   total 71680K, used 55618K [0x0000000701e00000, 0x0000000800000000)
  region size 1024K, 29 young (29696K), 1 survivors (1024K)
 Metaspace       used 43874K, capacity 45475K, committed 45724K, reserved 1089536K
  class space    used 5650K, capacity 6214K, committed 6344K, reserved 1048576K
}
Event: 286.845 GC heap after
{Heap after GC invocations=19 (full 0):
 garbage-first heap   total 71680K, used 26993K [0x0000000701e00000, 0x0000000800000000)
  region size 1024K, 1 young (1024K), 1 survivors (1024K)
 Metaspace       used 43874K, capacity 45475K, committed 45724K, reserved 1089536K
  class space    used 5650K, capacity 6214K, committed 6344K, reserved 1048576K
}
Event: 361.248 GC heap before
{Heap before GC invocations=19 (full 0):
 garbage-first heap   total 71680K, used 55665K [0x0000000701e00000, 0x0000000800000000)
  region size 1024K, 29 young (29696K), 1 survivors (1024K)
 Metaspace       used 43874K, capacity 45475K, committed 45724K, reserved 1089536K
  class space    used 5650K, capacity 6214K, committed 6344K, reserved 1048576K
}
Event: 361.251 GC heap after
{Heap after GC invocations=20 (full 0):
 garbage-first heap   total 71680K, used 27037K [0x0000000701e00000, 0x0000000800000000)
  region size 1024K, 2 young (2048K), 2 survivors (2048K)
 Metaspace       used 43874K, capacity 45475K, committed 45724K, reserved 1089536K
  class space    used 5650K, capacity 6214K, committed 6344K, reserved 1048576K
}
Event: 435.984 GC heap before
{Heap before GC invocations=20 (full 0):
 garbage-first heap   total 71680K, used 55709K [0x0000000701e00000, 0x0000000800000000)
  region size 1024K, 30 young (30720K), 2 survivors (2048K)
 Metaspace       used 43874K, capacity 45475K, committed 45724K, reserved 1089536K
  class space    used 5650K, capacity 6214K, committed 6344K, reserved 1048576K
}
Event: 435.986 GC heap after
{Heap after GC invocations=21 (full 0):
 garbage-first heap   total 71680K, used 27038K [0x0000000701e00000, 0x0000000800000000)
  region size 1024K, 2 young (2048K), 2 survivors (2048K)
 Metaspace       used 43874K, capacity 45475K, committed 45724K, reserved 1089536K
  class space    used 5650K, capacity 6214K, committed 6344K, reserved 1048576K
}
Event: 510.987 GC heap before
{Heap before GC invocations=21 (full 0):
 garbage-first heap   total 71680K, used 55710K [0x0000000701e00000, 0x0000000800000000)
  region size 1024K, 30 young (30720K), 2 survivors (2048K)
 Metaspace       used 43874K, capacity 45475K, committed 45724K, reserved 1089536K
  class space    used 5650K, capacity 6214K, committed 6344K, reserved 1048576K
}
Event: 510.989 GC heap after
{Heap after GC invocations=22 (full 0):
 garbage-first heap   total 71680K, used 26993K [0x0000000701e00000, 0x0000000800000000)
  region size 1024K, 1 young (1024K), 1 survivors (1024K)
 Metaspace       used 43874K, capacity 45475K, committed 45724K, reserved 1089536K
  class space    used 5650K, capacity 6214K, committed 6344K, reserved 1048576K
}
Event: 589.003 GC heap before
{Heap before GC invocations=22 (full 0):
 garbage-first heap   total 71680K, used 56689K [0x0000000701e00000, 0x0000000800000000)
  region size 1024K, 30 young (30720K), 1 survivors (1024K)
 Metaspace       used 43874K, capacity 45475K, committed 45724K, reserved 1089536K
  class space    used 5650K, capacity 6214K, committed 6344K, reserved 1048576K
}
Event: 589.006 GC heap after
{Heap after GC invocations=23 (full 0):
 garbage-first heap   total 71680K, used 26993K [0x0000000701e00000, 0x0000000800000000)
  region size 1024K, 1 young (1024K), 1 survivors (1024K)
 Metaspace       used 43874K, capacity 45475K, committed 45724K, reserved 1089536K
  class space    used 5650K, capacity 6214K, committed 6344K, reserved 1048576K
}
Event: 665.388 GC heap before
{Heap before GC invocations=23 (full 0):
 garbage-first heap   total 71680K, used 56689K [0x0000000701e00000, 0x0000000800000000)
  region size 1024K, 30 young (30720K), 1 survivors (1024K)
 Metaspace       used 43874K, capacity 45475K, committed 45724K, reserved 1089536K
  class space    used 5650K, capacity 6214K, committed 6344K, reserved 1048576K
}
Event: 665.390 GC heap after
{Heap after GC invocations=24 (full 0):
 garbage-first heap   total 71680K, used 26993K [0x0000000701e00000, 0x0000000800000000)
  region size 1024K, 1 young (1024K), 1 survivors (1024K)
 Metaspace       used 43874K, capacity 45475K, committed 45724K, reserved 1089536K
  class space    used 5650K, capacity 6214K, committed 6344K, reserved 1048576K
}
Event: 743.462 GC heap before
{Heap before GC invocations=24 (full 0):
 garbage-first heap   total 71680K, used 56689K [0x0000000701e00000, 0x0000000800000000)
  region size 1024K, 30 young (30720K), 1 survivors (1024K)
 Metaspace       used 43874K, capacity 45475K, committed 45724K, reserved 1089536K
  class space    used 5650K, capacity 6214K, committed 6344K, reserved 1048576K
}
Event: 743.464 GC heap after
{Heap after GC invocations=25 (full 0):
 garbage-first heap   total 71680K, used 26993K [0x0000000701e00000, 0x0000000800000000)
  region size 1024K, 1 young (1024K), 1 survivors (1024K)
 Metaspace       used 43874K, capacity 45475K, committed 45724K, reserved 1089536K
  class space    used 5650K, capacity 6214K, committed 6344K, reserved 1048576K
}
Event: 821.385 GC heap before
{Heap before GC invocations=25 (full 0):
 garbage-first heap   total 71680K, used 56689K [0x0000000701e00000, 0x0000000800000000)
  region size 1024K, 30 young (30720K), 1 survivors (1024K)
 Metaspace       used 43874K, capacity 45475K, committed 45724K, reserved 1089536K
  class space    used 5650K, capacity 6214K, committed 6344K, reserved 1048576K
}
Event: 821.387 GC heap after
{Heap after GC invocations=26 (full 0):
 garbage-first heap   total 71680K, used 26990K [0x0000000701e00000, 0x0000000800000000)
  region size 1024K, 1 young (1024K), 1 survivors (1024K)
 Metaspace       used 43874K, capacity 45475K, committed 45724K, reserved 1089536K
  class space    used 5650K, capacity 6214K, committed 6344K, reserved 1048576K
}
Event: 898.260 GC heap before
{Heap before GC invocations=26 (full 0):
 garbage-first heap   total 71680K, used 56686K [0x0000000701e00000, 0x0000000800000000)
  region size 1024K, 30 young (30720K), 1 survivors (1024K)
 Metaspace       used 43874K, capacity 45475K, committed 45724K, reserved 1089536K
  class space    used 5650K, capacity 6214K, committed 6344K, reserved 1048576K
}

